2018-10-01 21:56:45 INFO  PDDeviceRGB:138 - To get higher rendering speed on java 8 oder 9,
2018-10-01 21:56:45 INFO  PDDeviceRGB:139 -   use the option -Dsun.java2d.cmm=sun.java2d.cmm.kcms.KcmsServiceProvider
2018-10-01 21:56:45 INFO  PDDeviceRGB:140 -   or call System.setProperty("sun.java2d.cmm", "sun.java2d.cmm.kcms.KcmsServiceProvider")
2018-10-01 21:56:48 WARN  FileSystemFontProvider:481 - New fonts found, font cache will be re-built
2018-10-01 21:56:48 WARN  FileSystemFontProvider:233 - Building on-disk font cache, this may take a while
2018-10-01 21:56:49 WARN  FileSystemFontProvider:236 - Finished building on-disk font cache, found 205 fonts
2018-10-01 22:07:13 INFO  PDDeviceRGB:138 - To get higher rendering speed on java 8 oder 9,
2018-10-01 22:07:13 INFO  PDDeviceRGB:139 -   use the option -Dsun.java2d.cmm=sun.java2d.cmm.kcms.KcmsServiceProvider
2018-10-01 22:07:13 INFO  PDDeviceRGB:140 -   or call System.setProperty("sun.java2d.cmm", "sun.java2d.cmm.kcms.KcmsServiceProvider")
2018-10-01 22:07:46 INFO  PDDeviceRGB:138 - To get higher rendering speed on java 8 oder 9,
2018-10-01 22:07:46 INFO  PDDeviceRGB:139 -   use the option -Dsun.java2d.cmm=sun.java2d.cmm.kcms.KcmsServiceProvider
2018-10-01 22:07:46 INFO  PDDeviceRGB:140 -   or call System.setProperty("sun.java2d.cmm", "sun.java2d.cmm.kcms.KcmsServiceProvider")
2018-10-01 22:09:32 INFO  PDDeviceRGB:138 - To get higher rendering speed on java 8 oder 9,
2018-10-01 22:09:32 INFO  PDDeviceRGB:139 -   use the option -Dsun.java2d.cmm=sun.java2d.cmm.kcms.KcmsServiceProvider
2018-10-01 22:09:32 INFO  PDDeviceRGB:140 -   or call System.setProperty("sun.java2d.cmm", "sun.java2d.cmm.kcms.KcmsServiceProvider")
2018-10-01 22:14:42 INFO  PDDeviceRGB:138 - To get higher rendering speed on java 8 oder 9,
2018-10-01 22:14:42 INFO  PDDeviceRGB:139 -   use the option -Dsun.java2d.cmm=sun.java2d.cmm.kcms.KcmsServiceProvider
2018-10-01 22:14:42 INFO  PDDeviceRGB:140 -   or call System.setProperty("sun.java2d.cmm", "sun.java2d.cmm.kcms.KcmsServiceProvider")
2018-10-01 22:15:14 INFO  PDDeviceRGB:138 - To get higher rendering speed on java 8 oder 9,
2018-10-01 22:15:14 INFO  PDDeviceRGB:139 -   use the option -Dsun.java2d.cmm=sun.java2d.cmm.kcms.KcmsServiceProvider
2018-10-01 22:15:14 INFO  PDDeviceRGB:140 -   or call System.setProperty("sun.java2d.cmm", "sun.java2d.cmm.kcms.KcmsServiceProvider")
